<?xml version="1.0" encoding="UTF-8"?>
<testng-results ignored="0" total="2" passed="2" failed="0" skipped="0">
  <reporter-output>
  </reporter-output>
  <suite started-at="2023-07-31T21:42:53 IST" name="TestVegrant" finished-at="2023-07-31T21:42:53 IST" duration-ms="66">
    <groups>
    </groups>
    <test started-at="2023-07-31T21:42:53 IST" name="Assignment" finished-at="2023-07-31T21:42:53 IST" duration-ms="66">
      <class name="com.assignment.RecentlyPlayedSongsStoreTest">
        <test-method is-config="true" signature="setup()[pri:0, instance:com.assignment.RecentlyPlayedSongsStoreTest@393671df]" started-at="2023-07-31T21:42:53 IST" name="setup" finished-at="2023-07-31T21:42:53 IST" duration-ms="7" status="PASS">
          <reporter-output>
          </reporter-output>
        </test-method> <!-- setup -->
        <test-method signature="testAddRecentlyPlayedSongs()[pri:0, instance:com.assignment.RecentlyPlayedSongsStoreTest@393671df]" started-at="2023-07-31T21:42:53 IST" name="testAddRecentlyPlayedSongs" finished-at="2023-07-31T21:42:53 IST" duration-ms="13" status="PASS">
          <reporter-output>
          </reporter-output>
        </test-method> <!-- testAddRecentlyPlayedSongs -->
        <test-method signature="testGetRecentlyPlayedSongsNonExistentUser()[pri:0, instance:com.assignment.RecentlyPlayedSongsStoreTest@393671df]" started-at="2023-07-31T21:42:53 IST" name="testGetRecentlyPlayedSongsNonExistentUser" finished-at="2023-07-31T21:42:53 IST" duration-ms="2" status="PASS">
          <reporter-output>
          </reporter-output>
        </test-method> <!-- testGetRecentlyPlayedSongsNonExistentUser -->
        <test-method is-config="true" signature="setup()[pri:0, instance:com.assignment.RecentlyPlayedSongsStoreTest@393671df]" started-at="2023-07-31T21:42:53 IST" name="setup" finished-at="2023-07-31T21:42:53 IST" duration-ms="0" status="PASS">
          <reporter-output>
          </reporter-output>
        </test-method> <!-- setup -->
      </class> <!-- com.assignment.RecentlyPlayedSongsStoreTest -->
    </test> <!-- Assignment -->
  </suite> <!-- TestVegrant -->
</testng-results>
