<?xml version="1.0" encoding="UTF-8"?>
<!-- Generated by org.testng.reporters.JUnitXMLReporter -->
<testsuite ignored="0" hostname="LAPTOP-ND89RSBU" failures="0" tests="2" name="Assignment" time="0.066" errors="0" timestamp="2023-07-31T21:42:53 IST">
  <testcase classname="com.assignment.RecentlyPlayedSongsStoreTest" name="testAddRecentlyPlayedSongs" time="0.013"/>
  <testcase classname="com.assignment.RecentlyPlayedSongsStoreTest" name="testGetRecentlyPlayedSongsNonExistentUser" time="0.002"/>
</testsuite> <!-- Assignment -->
